<?xml version="1.0" encoding="UTF-8"?>
<!-- Generated by org.testng.reporters.JUnitXMLReporter -->
<testsuite ignored="0" hostname="TechCirle2sMini" failures="2" tests="8" name="Test" time="74.602" errors="0" timestamp="2024-06-19T20:11:15 EDT">
  <testcase classname="FiftyOneTestCases.shopTestCases" name="ShopFilterByPriceFunctionality" time="0.515"/>
  <testcase classname="FiftyOneTestCases.myAccountRegistrationTestCases" name="RegistrationSignIn" time="0.023">
    <failure type="java.lang.AssertionError">
      <![CDATA[java.lang.AssertionError: 
at FiftyOneTestCases.myAccountRegistrationTestCases.RegistrationSignIn(myAccountRegistrationTestCases.java:21)
at java.base/java.util.ArrayList.forEach(ArrayList.java:1541)
... Removed 30 stack frames]]>
    </failure>
  </testcase> <!-- RegistrationSignIn -->
  <testcase classname="FiftyOneTestCases.myAccountTestCases" name="MyAccountsDashboard" time="4.067"/>
  <testcase classname="FiftyOneTestCases.homePageTestCases" name="homePageImagesInArrivalsShouldNavigate" time="6.327"/>
  <testcase classname="FiftyOneTestCases.homePageTestCases" name="homePageWithThreeArrivalsOnly" time="2.946"/>
  <testcase classname="FiftyOneTestCases.homePageTestCases" name="homePageWithThreeSlidersOnly" time="3.444"/>
  <testcase classname="FiftyOneTestCases.myAccountLoginTestCases" name="LogInWithWalidUsernameAndPassword" time="3.004">
    <failure type="org.openqa.selenium.NoSuchFrameException" message="Build info: version: &amp;apos;4.21.0&amp;apos;, revision: &amp;apos;79ed462ef4&amp;apos;
System info: os.name: &amp;apos;Mac OS X&amp;apos;, os.arch: &amp;apos;x86_64&amp;apos;, os.version: &amp;apos;11.4&amp;apos;, java.version: &amp;apos;11.0.12&amp;apos;
Driver info: org.openqa.selenium.safari.SafariDriver
Command: [8BF90468-F43E-436E-A49C-AA08C048031F, findElement {using=xpath, value=//a[text()=&amp;apos;Sign out&amp;apos;]}]
Capabilities {acceptInsecureCerts: false, browserName: Safari, browserVersion: 17.5, platformName: mac, safari:automaticInspection: false, safari:automaticProfiling: false, safari:diagnose: false, safari:platformBuildVersion: 23F79, safari:platformVersion: 14.5, safari:useSimulator: false, setWindowRect: true, strictFileInteractability: false, webkit:WebRTC: {DisableICECandidateFiltering: false, DisableInsecureMediaCapture: false}}
Session ID: 8BF90468-F43E-436E-A49C-AA08C048031F">
      <![CDATA[org.openqa.selenium.NoSuchFrameException: Build info: version: '4.21.0', revision: '79ed462ef4'
System info: os.name: 'Mac OS X', os.arch: 'x86_64', os.version: '11.4', java.version: '11.0.12'
Driver info: org.openqa.selenium.safari.SafariDriver
Command: [8BF90468-F43E-436E-A49C-AA08C048031F, findElement {using=xpath, value=//a[text()='Sign out']}]
Capabilities {acceptInsecureCerts: false, browserName: Safari, browserVersion: 17.5, platformName: mac, safari:automaticInspection: false, safari:automaticProfiling: false, safari:diagnose: false, safari:platformBuildVersion: 23F79, safari:platformVersion: 14.5, safari:useSimulator: false, setWindowRect: true, strictFileInteractability: false, webkit:WebRTC: {DisableICECandidateFiltering: false, DisableInsecureMediaCapture: false}}
Session ID: 8BF90468-F43E-436E-A49C-AA08C048031F
at org.openqa.selenium.remote.ErrorCodec.decode(ErrorCodec.java:167)
at org.openqa.selenium.remote.codec.w3c.W3CHttpResponseCodec.decode(W3CHttpResponseCodec.java:138)
at org.openqa.selenium.remote.codec.w3c.W3CHttpResponseCodec.decode(W3CHttpResponseCodec.java:50)
at org.openqa.selenium.remote.HttpCommandExecutor.execute(HttpCommandExecutor.java:190)
at org.openqa.selenium.remote.service.DriverCommandExecutor.invokeExecute(DriverCommandExecutor.java:216)
at org.openqa.selenium.remote.service.DriverCommandExecutor.execute(DriverCommandExecutor.java:174)
at org.openqa.selenium.remote.RemoteWebDriver.execute(RemoteWebDriver.java:518)
at org.openqa.selenium.remote.ElementLocation$ElementFinder$2.findElement(ElementLocation.java:165)
at org.openqa.selenium.remote.ElementLocation.findElement(ElementLocation.java:59)
at org.openqa.selenium.remote.RemoteWebDriver.findElement(RemoteWebDriver.java:355)
at org.openqa.selenium.remote.RemoteWebDriver.findElement(RemoteWebDriver.java:349)
at org.openqa.selenium.support.pagefactory.DefaultElementLocator.findElement(DefaultElementLocator.java:68)
at org.openqa.selenium.support.pagefactory.internal.LocatingElementHandler.invoke(LocatingElementHandler.java:38)
at com.sun.proxy.$Proxy14.isDisplayed(Unknown Source)
at FiftyOneTestCases.myAccountLoginTestCases.LogInWithWalidUsernameAndPassword(myAccountLoginTestCases.java:25)
at java.base/java.util.ArrayList.forEach(ArrayList.java:1541)
... Removed 31 stack frames]]>
    </failure>
  </testcase> <!-- LogInWithWalidUsernameAndPassword -->
  <testcase classname="FiftyOneTestCases.myAccountLoginTestCases" name="logInWithIncorrectUsernameIncorrectPassword" time="3.046"/>
</testsuite> <!-- Test -->
