<?xml version="1.0" encoding="UTF-8"?>
<testng-results ignored="0" total="8" passed="6" failed="2" skipped="0">
  <reporter-output>
  </reporter-output>
  <suite started-at="2024-06-19T20:09:59 EDT" name="Suite" finished-at="2024-06-19T20:11:14 EDT" duration-ms="74602">
    <groups>
      <group name="smoke">
        <method signature="homePageTestCases.homePageWithThreeArrivalsOnly()[pri:0, instance:FiftyOneTestCases.homePageTestCases@2ed2d9cb]" name="homePageWithThreeArrivalsOnly" class="FiftyOneTestCases.homePageTestCases"/>
        <method signature="homePageTestCases.homePageWithThreeSlidersOnly()[pri:0, instance:FiftyOneTestCases.homePageTestCases@2ed2d9cb]" name="homePageWithThreeSlidersOnly" class="FiftyOneTestCases.homePageTestCases"/>
        <method signature="myAccountLoginTestCases.LogInWithWalidUsernameAndPassword()[pri:0, instance:FiftyOneTestCases.myAccountLoginTestCases@342c38f8]" name="LogInWithWalidUsernameAndPassword" class="FiftyOneTestCases.myAccountLoginTestCases"/>
        <method signature="myAccountRegistrationTestCases.RegistrationSignIn()[pri:0, instance:FiftyOneTestCases.myAccountRegistrationTestCases@1b2abca6]" name="RegistrationSignIn" class="FiftyOneTestCases.myAccountRegistrationTestCases"/>
        <method signature="shopTestCases.ShopFilterByPriceFunctionality()[pri:0, instance:FiftyOneTestCases.shopTestCases@71238fc2]" name="ShopFilterByPriceFunctionality" class="FiftyOneTestCases.shopTestCases"/>
      </group> <!-- smoke -->
      <group name="Regression">
        <method signature="homePageTestCases.homePageImagesInArrivalsShouldNavigate()[pri:0, instance:FiftyOneTestCases.homePageTestCases@2ed2d9cb]" name="homePageImagesInArrivalsShouldNavigate" class="FiftyOneTestCases.homePageTestCases"/>
        <method signature="homePageTestCases.homePageWithThreeArrivalsOnly()[pri:0, instance:FiftyOneTestCases.homePageTestCases@2ed2d9cb]" name="homePageWithThreeArrivalsOnly" class="FiftyOneTestCases.homePageTestCases"/>
        <method signature="homePageTestCases.homePageWithThreeSlidersOnly()[pri:0, instance:FiftyOneTestCases.homePageTestCases@2ed2d9cb]" name="homePageWithThreeSlidersOnly" class="FiftyOneTestCases.homePageTestCases"/>
        <method signature="myAccountLoginTestCases.LogInWithWalidUsernameAndPassword()[pri:0, instance:FiftyOneTestCases.myAccountLoginTestCases@342c38f8]" name="LogInWithWalidUsernameAndPassword" class="FiftyOneTestCases.myAccountLoginTestCases"/>
        <method signature="myAccountLoginTestCases.logInWithIncorrectUsernameIncorrectPassword()[pri:0, instance:FiftyOneTestCases.myAccountLoginTestCases@342c38f8]" name="logInWithIncorrectUsernameIncorrectPassword" class="FiftyOneTestCases.myAccountLoginTestCases"/>
        <method signature="myAccountRegistrationTestCases.RegistrationSignIn()[pri:0, instance:FiftyOneTestCases.myAccountRegistrationTestCases@1b2abca6]" name="RegistrationSignIn" class="FiftyOneTestCases.myAccountRegistrationTestCases"/>
        <method signature="myAccountTestCases.MyAccountsDashboard()[pri:0, instance:FiftyOneTestCases.myAccountTestCases@6392827e]" name="MyAccountsDashboard" class="FiftyOneTestCases.myAccountTestCases"/>
        <method signature="shopTestCases.ShopFilterByPriceFunctionality()[pri:0, instance:FiftyOneTestCases.shopTestCases@71238fc2]" name="ShopFilterByPriceFunctionality" class="FiftyOneTestCases.shopTestCases"/>
      </group> <!-- Regression -->
    </groups>
    <test started-at="2024-06-19T20:09:59 EDT" name="Test" finished-at="2024-06-19T20:11:14 EDT" duration-ms="74602">
      <class name="FiftyOneTestCases.myAccountRegistrationTestCases">
        <test-method is-config="true" signature="getDriver()[pri:0, instance:FiftyOneTestCases.myAccountRegistrationTestCases@1b2abca6]" started-at="2024-06-19T20:10:08 EDT" name="getDriver" finished-at="2024-06-19T20:10:15 EDT" duration-ms="7183" status="PASS">
          <reporter-output>
          </reporter-output>
        </test-method> <!-- getDriver -->
        <test-method signature="RegistrationSignIn()[pri:0, instance:FiftyOneTestCases.myAccountRegistrationTestCases@1b2abca6]" started-at="2024-06-19T20:10:15 EDT" name="RegistrationSignIn" finished-at="2024-06-19T20:10:15 EDT" duration-ms="23" status="FAIL">
          <exception class="java.lang.AssertionError">
            <full-stacktrace>
              <![CDATA[java.lang.AssertionError: 
at org.testng.AssertJUnit.fail(AssertJUnit.java:65)
at org.testng.AssertJUnit.assertTrue(AssertJUnit.java:23)
at org.testng.AssertJUnit.assertTrue(AssertJUnit.java:33)
at FiftyOneTestCases.myAccountRegistrationTestCases.RegistrationSignIn(myAccountRegistrationTestCases.java:21)
at java.base/jdk.internal.reflect.NativeMethodAccessorImpl.invoke0(Native Method)
at java.base/jdk.internal.reflect.NativeMethodAccessorImpl.invoke(NativeMethodAccessorImpl.java:62)
at java.base/jdk.internal.reflect.DelegatingMethodAccessorImpl.invoke(DelegatingMethodAccessorImpl.java:43)
at java.base/java.lang.reflect.Method.invoke(Method.java:566)
at org.testng.internal.MethodInvocationHelper.invokeMethod(MethodInvocationHelper.java:133)
at org.testng.internal.TestInvoker.invokeMethod(TestInvoker.java:598)
at org.testng.internal.TestInvoker.invokeTestMethod(TestInvoker.java:173)
at org.testng.internal.MethodRunner.runInSequence(MethodRunner.java:46)
at org.testng.internal.TestInvoker$MethodInvocationAgent.invoke(TestInvoker.java:824)
at org.testng.internal.TestInvoker.invokeTestMethods(TestInvoker.java:146)
at org.testng.internal.TestMethodWorker.invokeTestMethods(TestMethodWorker.java:146)
at org.testng.internal.TestMethodWorker.run(TestMethodWorker.java:128)
at java.base/java.util.ArrayList.forEach(ArrayList.java:1541)
at org.testng.TestRunner.privateRun(TestRunner.java:794)
at org.testng.TestRunner.run(TestRunner.java:596)
at org.testng.SuiteRunner.runTest(SuiteRunner.java:377)
at org.testng.SuiteRunner.runSequentially(SuiteRunner.java:371)
at org.testng.SuiteRunner.privateRun(SuiteRunner.java:332)
at org.testng.SuiteRunner.run(SuiteRunner.java:276)
at org.testng.SuiteRunnerWorker.runSuite(SuiteRunnerWorker.java:53)
at org.testng.SuiteRunnerWorker.run(SuiteRunnerWorker.java:96)
at org.testng.TestNG.runSuitesSequentially(TestNG.java:1212)
at org.testng.TestNG.runSuitesLocally(TestNG.java:1134)
at org.testng.TestNG.runSuites(TestNG.java:1063)
at org.testng.TestNG.run(TestNG.java:1031)
at org.testng.remote.AbstractRemoteTestNG.run(AbstractRemoteTestNG.java:115)
at org.testng.remote.RemoteTestNG.initAndRun(RemoteTestNG.java:251)
at org.testng.remote.RemoteTestNG.main(RemoteTestNG.java:77)
]]>
            </full-stacktrace>
          </exception> <!-- java.lang.AssertionError -->
          <reporter-output>
          </reporter-output>
        </test-method> <!-- RegistrationSignIn -->
        <test-method is-config="true" signature="tearDown()[pri:0, instance:FiftyOneTestCases.myAccountRegistrationTestCases@1b2abca6]" started-at="2024-06-19T20:10:16 EDT" name="tearDown" finished-at="2024-06-19T20:10:16 EDT" duration-ms="251" status="PASS">
          <reporter-output>
          </reporter-output>
        </test-method> <!-- tearDown -->
      </class> <!-- FiftyOneTestCases.myAccountRegistrationTestCases -->
      <class name="FiftyOneTestCases.myAccountLoginTestCases">
        <test-method is-config="true" signature="getDriver()[pri:0, instance:FiftyOneTestCases.myAccountLoginTestCases@342c38f8]" started-at="2024-06-19T20:10:56 EDT" name="getDriver" finished-at="2024-06-19T20:11:01 EDT" duration-ms="5194" status="PASS">
          <reporter-output>
          </reporter-output>
        </test-method> <!-- getDriver -->
        <test-method signature="LogInWithWalidUsernameAndPassword()[pri:0, instance:FiftyOneTestCases.myAccountLoginTestCases@342c38f8]" started-at="2024-06-19T20:11:01 EDT" name="LogInWithWalidUsernameAndPassword" finished-at="2024-06-19T20:11:04 EDT" duration-ms="3004" status="FAIL">
          <exception class="org.openqa.selenium.NoSuchFrameException">
            <message>
              <![CDATA[Build info: version: '4.21.0', revision: '79ed462ef4'
System info: os.name: 'Mac OS X', os.arch: 'x86_64', os.version: '11.4', java.version: '11.0.12'
Driver info: org.openqa.selenium.safari.SafariDriver
Command: [8BF90468-F43E-436E-A49C-AA08C048031F, findElement {using=xpath, value=//a[text()='Sign out']}]
Capabilities {acceptInsecureCerts: false, browserName: Safari, browserVersion: 17.5, platformName: mac, safari:automaticInspection: false, safari:automaticProfiling: false, safari:diagnose: false, safari:platformBuildVersion: 23F79, safari:platformVersion: 14.5, safari:useSimulator: false, setWindowRect: true, strictFileInteractability: false, webkit:WebRTC: {DisableICECandidateFiltering: false, DisableInsecureMediaCapture: false}}
Session ID: 8BF90468-F43E-436E-A49C-AA08C048031F]]>
            </message>
            <full-stacktrace>
              <![CDATA[org.openqa.selenium.NoSuchFrameException: Build info: version: '4.21.0', revision: '79ed462ef4'
System info: os.name: 'Mac OS X', os.arch: 'x86_64', os.version: '11.4', java.version: '11.0.12'
Driver info: org.openqa.selenium.safari.SafariDriver
Command: [8BF90468-F43E-436E-A49C-AA08C048031F, findElement {using=xpath, value=//a[text()='Sign out']}]
Capabilities {acceptInsecureCerts: false, browserName: Safari, browserVersion: 17.5, platformName: mac, safari:automaticInspection: false, safari:automaticProfiling: false, safari:diagnose: false, safari:platformBuildVersion: 23F79, safari:platformVersion: 14.5, safari:useSimulator: false, setWindowRect: true, strictFileInteractability: false, webkit:WebRTC: {DisableICECandidateFiltering: false, DisableInsecureMediaCapture: false}}
Session ID: 8BF90468-F43E-436E-A49C-AA08C048031F
at java.base/jdk.internal.reflect.NativeConstructorAccessorImpl.newInstance0(Native Method)
at java.base/jdk.internal.reflect.NativeConstructorAccessorImpl.newInstance(NativeConstructorAccessorImpl.java:62)
at java.base/jdk.internal.reflect.DelegatingConstructorAccessorImpl.newInstance(DelegatingConstructorAccessorImpl.java:45)
at java.base/java.lang.reflect.Constructor.newInstance(Constructor.java:490)
at org.openqa.selenium.remote.ErrorCodec.decode(ErrorCodec.java:167)
at org.openqa.selenium.remote.codec.w3c.W3CHttpResponseCodec.decode(W3CHttpResponseCodec.java:138)
at org.openqa.selenium.remote.codec.w3c.W3CHttpResponseCodec.decode(W3CHttpResponseCodec.java:50)
at org.openqa.selenium.remote.HttpCommandExecutor.execute(HttpCommandExecutor.java:190)
at org.openqa.selenium.remote.service.DriverCommandExecutor.invokeExecute(DriverCommandExecutor.java:216)
at org.openqa.selenium.remote.service.DriverCommandExecutor.execute(DriverCommandExecutor.java:174)
at org.openqa.selenium.remote.RemoteWebDriver.execute(RemoteWebDriver.java:518)
at org.openqa.selenium.remote.ElementLocation$ElementFinder$2.findElement(ElementLocation.java:165)
at org.openqa.selenium.remote.ElementLocation.findElement(ElementLocation.java:59)
at org.openqa.selenium.remote.RemoteWebDriver.findElement(RemoteWebDriver.java:355)
at org.openqa.selenium.remote.RemoteWebDriver.findElement(RemoteWebDriver.java:349)
at org.openqa.selenium.support.pagefactory.DefaultElementLocator.findElement(DefaultElementLocator.java:68)
at org.openqa.selenium.support.pagefactory.internal.LocatingElementHandler.invoke(LocatingElementHandler.java:38)
at com.sun.proxy.$Proxy14.isDisplayed(Unknown Source)
at FiftyOneTestCases.myAccountLoginTestCases.LogInWithWalidUsernameAndPassword(myAccountLoginTestCases.java:25)
at java.base/jdk.internal.reflect.NativeMethodAccessorImpl.invoke0(Native Method)
at java.base/jdk.internal.reflect.NativeMethodAccessorImpl.invoke(NativeMethodAccessorImpl.java:62)
at java.base/jdk.internal.reflect.DelegatingMethodAccessorImpl.invoke(DelegatingMethodAccessorImpl.java:43)
at java.base/java.lang.reflect.Method.invoke(Method.java:566)
at org.testng.internal.MethodInvocationHelper.invokeMethod(MethodInvocationHelper.java:133)
at org.testng.internal.TestInvoker.invokeMethod(TestInvoker.java:598)
at org.testng.internal.TestInvoker.invokeTestMethod(TestInvoker.java:173)
at org.testng.internal.MethodRunner.runInSequence(MethodRunner.java:46)
at org.testng.internal.TestInvoker$MethodInvocationAgent.invoke(TestInvoker.java:824)
at org.testng.internal.TestInvoker.invokeTestMethods(TestInvoker.java:146)
at org.testng.internal.TestMethodWorker.invokeTestMethods(TestMethodWorker.java:146)
at org.testng.internal.TestMethodWorker.run(TestMethodWorker.java:128)
at java.base/java.util.ArrayList.forEach(ArrayList.java:1541)
at org.testng.TestRunner.privateRun(TestRunner.java:794)
at org.testng.TestRunner.run(TestRunner.java:596)
at org.testng.SuiteRunner.runTest(SuiteRunner.java:377)
at org.testng.SuiteRunner.runSequentially(SuiteRunner.java:371)
at org.testng.SuiteRunner.privateRun(SuiteRunner.java:332)
at org.testng.SuiteRunner.run(SuiteRunner.java:276)
at org.testng.SuiteRunnerWorker.runSuite(SuiteRunnerWorker.java:53)
at org.testng.SuiteRunnerWorker.run(SuiteRunnerWorker.java:96)
at org.testng.TestNG.runSuitesSequentially(TestNG.java:1212)
at org.testng.TestNG.runSuitesLocally(TestNG.java:1134)
at org.testng.TestNG.runSuites(TestNG.java:1063)
at org.testng.TestNG.run(TestNG.java:1031)
at org.testng.remote.AbstractRemoteTestNG.run(AbstractRemoteTestNG.java:115)
at org.testng.remote.RemoteTestNG.initAndRun(RemoteTestNG.java:251)
at org.testng.remote.RemoteTestNG.main(RemoteTestNG.java:77)
]]>
            </full-stacktrace>
          </exception> <!-- org.openqa.selenium.NoSuchFrameException -->
          <reporter-output>
          </reporter-output>
        </test-method> <!-- LogInWithWalidUsernameAndPassword -->
        <test-method is-config="true" signature="tearDown()[pri:0, instance:FiftyOneTestCases.myAccountLoginTestCases@342c38f8]" started-at="2024-06-19T20:11:05 EDT" name="tearDown" finished-at="2024-06-19T20:11:05 EDT" duration-ms="241" status="PASS">
          <reporter-output>
          </reporter-output>
        </test-method> <!-- tearDown -->
        <test-method is-config="true" signature="getDriver()[pri:0, instance:FiftyOneTestCases.myAccountLoginTestCases@342c38f8]" started-at="2024-06-19T20:11:05 EDT" name="getDriver" finished-at="2024-06-19T20:11:10 EDT" duration-ms="5412" status="PASS">
          <reporter-output>
          </reporter-output>
        </test-method> <!-- getDriver -->
        <test-method signature="logInWithIncorrectUsernameIncorrectPassword()[pri:0, instance:FiftyOneTestCases.myAccountLoginTestCases@342c38f8]" started-at="2024-06-19T20:11:10 EDT" name="logInWithIncorrectUsernameIncorrectPassword" finished-at="2024-06-19T20:11:13 EDT" duration-ms="3046" status="PASS">
          <reporter-output>
          </reporter-output>
        </test-method> <!-- logInWithIncorrectUsernameIncorrectPassword -->
        <test-method is-config="true" signature="tearDown()[pri:0, instance:FiftyOneTestCases.myAccountLoginTestCases@342c38f8]" started-at="2024-06-19T20:11:13 EDT" name="tearDown" finished-at="2024-06-19T20:11:14 EDT" duration-ms="270" status="PASS">
          <reporter-output>
          </reporter-output>
        </test-method> <!-- tearDown -->
      </class> <!-- FiftyOneTestCases.myAccountLoginTestCases -->
      <class name="FiftyOneTestCases.myAccountTestCases">
        <test-method is-config="true" signature="getDriver()[pri:0, instance:FiftyOneTestCases.myAccountTestCases@6392827e]" started-at="2024-06-19T20:10:16 EDT" name="getDriver" finished-at="2024-06-19T20:10:22 EDT" duration-ms="5925" status="PASS">
          <reporter-output>
          </reporter-output>
        </test-method> <!-- getDriver -->
        <test-method signature="MyAccountsDashboard()[pri:0, instance:FiftyOneTestCases.myAccountTestCases@6392827e]" started-at="2024-06-19T20:10:22 EDT" name="MyAccountsDashboard" finished-at="2024-06-19T20:10:26 EDT" duration-ms="4067" status="PASS">
          <reporter-output>
          </reporter-output>
        </test-method> <!-- MyAccountsDashboard -->
        <test-method is-config="true" signature="tearDown()[pri:0, instance:FiftyOneTestCases.myAccountTestCases@6392827e]" started-at="2024-06-19T20:10:26 EDT" name="tearDown" finished-at="2024-06-19T20:10:27 EDT" duration-ms="264" status="PASS">
          <reporter-output>
          </reporter-output>
        </test-method> <!-- tearDown -->
      </class> <!-- FiftyOneTestCases.myAccountTestCases -->
      <class name="FiftyOneTestCases.shopTestCases">
        <test-method is-config="true" signature="getDriver()[pri:0, instance:FiftyOneTestCases.shopTestCases@71238fc2]" started-at="2024-06-19T20:09:59 EDT" name="getDriver" finished-at="2024-06-19T20:10:07 EDT" duration-ms="8068" status="PASS">
          <reporter-output>
          </reporter-output>
        </test-method> <!-- getDriver -->
        <test-method signature="ShopFilterByPriceFunctionality()[pri:0, instance:FiftyOneTestCases.shopTestCases@71238fc2]" started-at="2024-06-19T20:10:07 EDT" name="ShopFilterByPriceFunctionality" finished-at="2024-06-19T20:10:08 EDT" duration-ms="515" status="PASS">
          <reporter-output>
          </reporter-output>
        </test-method> <!-- ShopFilterByPriceFunctionality -->
        <test-method is-config="true" signature="tearDown()[pri:0, instance:FiftyOneTestCases.shopTestCases@71238fc2]" started-at="2024-06-19T20:10:08 EDT" name="tearDown" finished-at="2024-06-19T20:10:08 EDT" duration-ms="302" status="PASS">
          <reporter-output>
          </reporter-output>
        </test-method> <!-- tearDown -->
      </class> <!-- FiftyOneTestCases.shopTestCases -->
      <class name="FiftyOneTestCases.homePageTestCases">
        <test-method is-config="true" signature="getDriver()[pri:0, instance:FiftyOneTestCases.homePageTestCases@2ed2d9cb]" started-at="2024-06-19T20:10:27 EDT" name="getDriver" finished-at="2024-06-19T20:10:32 EDT" duration-ms="5718" status="PASS">
          <reporter-output>
          </reporter-output>
        </test-method> <!-- getDriver -->
        <test-method signature="homePageImagesInArrivalsShouldNavigate()[pri:0, instance:FiftyOneTestCases.homePageTestCases@2ed2d9cb]" started-at="2024-06-19T20:10:32 EDT" name="homePageImagesInArrivalsShouldNavigate" finished-at="2024-06-19T20:10:39 EDT" duration-ms="6327" status="PASS">
          <reporter-output>
          </reporter-output>
        </test-method> <!-- homePageImagesInArrivalsShouldNavigate -->
        <test-method is-config="true" signature="tearDown()[pri:0, instance:FiftyOneTestCases.homePageTestCases@2ed2d9cb]" started-at="2024-06-19T20:10:39 EDT" name="tearDown" finished-at="2024-06-19T20:10:39 EDT" duration-ms="252" status="PASS">
          <reporter-output>
          </reporter-output>
        </test-method> <!-- tearDown -->
        <test-method is-config="true" signature="getDriver()[pri:0, instance:FiftyOneTestCases.homePageTestCases@2ed2d9cb]" started-at="2024-06-19T20:10:39 EDT" name="getDriver" finished-at="2024-06-19T20:10:44 EDT" duration-ms="5285" status="PASS">
          <reporter-output>
          </reporter-output>
        </test-method> <!-- getDriver -->
        <test-method signature="homePageWithThreeArrivalsOnly()[pri:0, instance:FiftyOneTestCases.homePageTestCases@2ed2d9cb]" started-at="2024-06-19T20:10:44 EDT" name="homePageWithThreeArrivalsOnly" finished-at="2024-06-19T20:10:47 EDT" duration-ms="2946" status="PASS">
          <reporter-output>
          </reporter-output>
        </test-method> <!-- homePageWithThreeArrivalsOnly -->
        <test-method is-config="true" signature="tearDown()[pri:0, instance:FiftyOneTestCases.homePageTestCases@2ed2d9cb]" started-at="2024-06-19T20:10:47 EDT" name="tearDown" finished-at="2024-06-19T20:10:47 EDT" duration-ms="78" status="PASS">
          <reporter-output>
          </reporter-output>
        </test-method> <!-- tearDown -->
        <test-method is-config="true" signature="getDriver()[pri:0, instance:FiftyOneTestCases.homePageTestCases@2ed2d9cb]" started-at="2024-06-19T20:10:47 EDT" name="getDriver" finished-at="2024-06-19T20:10:53 EDT" duration-ms="5201" status="PASS">
          <reporter-output>
          </reporter-output>
        </test-method> <!-- getDriver -->
        <test-method signature="homePageWithThreeSlidersOnly()[pri:0, instance:FiftyOneTestCases.homePageTestCases@2ed2d9cb]" started-at="2024-06-19T20:10:53 EDT" name="homePageWithThreeSlidersOnly" finished-at="2024-06-19T20:10:56 EDT" duration-ms="3444" status="PASS">
          <reporter-output>
          </reporter-output>
        </test-method> <!-- homePageWithThreeSlidersOnly -->
        <test-method is-config="true" signature="tearDown()[pri:0, instance:FiftyOneTestCases.homePageTestCases@2ed2d9cb]" started-at="2024-06-19T20:10:56 EDT" name="tearDown" finished-at="2024-06-19T20:10:56 EDT" duration-ms="233" status="PASS">
          <reporter-output>
          </reporter-output>
        </test-method> <!-- tearDown -->
      </class> <!-- FiftyOneTestCases.homePageTestCases -->
    </test> <!-- Test -->
  </suite> <!-- Suite -->
</testng-results>
